(---------------------------------------------------------------------)
(                                                                     )
(    Allegro Netrev Import Logic                                      )
(                                                                     )
(    Drawing          : sers_petre_adrian_432e.brd                    )
(    Software Version : 24.1P001                                      )
(    Date/Time        : Fri Dec  6 17:06:22 2024                      )
(                                                                     )
(---------------------------------------------------------------------)


------ Directives ------------

Ripup etch:                  No
Ripup delete first segment:  No
Ripup retain bondwire:       No
Ripup symbols:               Always
Missing symbol has error:    No
DRC update:                  Yes
Schematic directory:         'D:\altele\Etti\OrcadCIS lite proiecte\SERS_Petre_Adrian\allegro'
Design Directory:            'D:/altele/Etti/OrcadCIS lite proiecte/SERS_Petre_Adrian/allegro'
Old design name:             'D:/altele/Etti/OrcadCIS lite proiecte/SERS_Petre_Adrian/allegro/sers_petre_adrian_432e.brd'
New design name:             'D:/altele/Etti/OrcadCIS lite proiecte/SERS_Petre_Adrian/allegro/sers_petre_adrian_432e.brd'

CmdLine: netrev -y 1 -i D:\altele\Etti\OrcadCIS lite proiecte\SERS_Petre_Adrian\allegro -q netrev_constraint_report.xml D:/altele/Etti/OrcadCIS lite proiecte/SERS_Petre_Adrian/allegro/#Taaaaak10776.tmp

------ Preparing to read pst files ------

Starting to read D:/altele/Etti/OrcadCIS lite proiecte/SERS_Petre_Adrian/allegro/pstchip.dat 
   Finished reading D:/altele/Etti/OrcadCIS lite proiecte/SERS_Petre_Adrian/allegro/pstchip.dat (00:00:00.01)
Starting to read D:/altele/Etti/OrcadCIS lite proiecte/SERS_Petre_Adrian/allegro/pstxprt.dat 
   Finished reading D:/altele/Etti/OrcadCIS lite proiecte/SERS_Petre_Adrian/allegro/pstxprt.dat (00:00:00.00)
Starting to read D:/altele/Etti/OrcadCIS lite proiecte/SERS_Petre_Adrian/allegro/pstxnet.dat 
   Finished reading D:/altele/Etti/OrcadCIS lite proiecte/SERS_Petre_Adrian/allegro/pstxnet.dat (00:00:00.00)

------ Oversights/Warnings/Errors ------


------ Library Paths ------
MODULEPATH =  . 
           d:/altele/aplicatii/cadence 17.4/share/local/pcb/modules 

PSMPATH =  . 
           symbols 
           .. 
           ../symbols 
           d:/altele/aplicatii/cadence 17.4/share/local/pcb/symbols 
           d:/altele/aplicatii/cadence 17.4/share/pcb/pcb_lib/symbols 
           d:/altele/aplicatii/cadence 17.4/share/pcb/allegrolib/symbols 

PADPATH =  . 
           symbols 
           .. 
           ../symbols 
           d:/altele/aplicatii/cadence 17.4/share/local/pcb/padstacks 
           d:/altele/aplicatii/cadence 17.4/share/pcb/pcb_lib/symbols 
           d:/altele/aplicatii/cadence 17.4/share/pcb/allegrolib/symbols 


------ Summary Statistics ------


netrev run on Dec 6 17:06:22 2024
   DESIGN NAME : 'SERS_PETRE_ADRIAN_432E'
   PACKAGING ON Sep  4 2024 20:54:11

   COMPILE 'logic'
   CHECK_PIN_NAMES OFF
   CROSS_REFERENCE OFF
   FEEDBACK OFF
   INCREMENTAL OFF
   INTERFACE_TYPE PHYSICAL
   MAX_ERRORS 500
   MERGE_MINIMUM 5
   NET_NAME_CHARS '#%&()*+-./:=>?@[]^_`|'
   NET_NAME_LENGTH 24
   OVERSIGHTS ON
   REPLACE_CHECK OFF
   SINGLE_NODE_NETS ON
   SPLIT_MINIMUM 0
   SUPPRESS   20
   WARNINGS ON

 No error detected
 No oversight detected
 No warning detected

cpu time      0:00:26
elapsed time  0:00:00

