Fri Dec  6 11:47:50 2024				Page     1


 
Update Symbols/Modules Logfile
	Fri Dec  6 11:47:50 2024

------ Module Refresh Messages ------

SUMMARY:    Updated 0 out of 0 modules

------ End Module Messages     ------



(---------------------------------------------------------------------)
(                                                                     )
(    Refresh Symbol                                                   )
(                                                                     )
(    Drawing          : sers_petre_adrian_432e.brd                    )
(    Software Version : 24.1P001                                      )
(    Date/Time        : Fri Dec  6 11:47:51 2024                      )
(                                                                     )
(---------------------------------------------------------------------)


Fri Dec  6 11:47:51 2024				Page     1


------ Symbol Refresh Directives ------

Input design  = 'D:/altele/Etti/OrcadCIS lite proiecte/SERS_Petre_Adrian/allegro/sers_petre_adrian_432e.brd'
Output design = ''

Update mechanical symbols              = 'NO'
Update format symbols                  = 'NO'
Update package symbols                 = 'NO'
Update shape/flash symbols             = 'NO'
Update symbol padstacks                = 'NO'
Preserve padstacks replaced on pins    = 'NO'
Reset symbol text and size locations   = 'NO'
Reset Pin Escapes (fanouts)            = 'NO'
Ripup Etch                             = 'NO'
Reset custom drill data                = 'NO'
Symbol list file                       = 'C:/Users/adria/AppData/Local/Temp/#Taaaabb18944.tmp'


------ Library Paths ------
PSMPATH =  . 
           symbols 
           .. 
           ../symbols 
           d:/altele/aplicatii/cadence 17.4/share/local/pcb/symbols 
           d:/altele/aplicatii/cadence 17.4/share/pcb/pcb_lib/symbols 
           d:/altele/aplicatii/cadence 17.4/share/pcb/allegrolib/symbols 

PADPATH =  . 
           symbols 
           .. 
           ../symbols 
           d:/altele/aplicatii/cadence 17.4/share/local/pcb/padstacks 
           d:/altele/aplicatii/cadence 17.4/share/pcb/pcb_lib/symbols 
           d:/altele/aplicatii/cadence 17.4/share/pcb/allegrolib/symbols 


------ Symbol Refresh Messages ------

'OFSMD2012B'  symbol refreshed successfully.


------ Updating padstacks referring to the refreshed shapes and flash symbols.  ------



----- Symbol Update Summary ----

Updated symbols: 1 out 1
    Design updated.

